
 Performance counter stats for './../exec/ioLatRead ./../shell.cpp 25000':

            122.13 msec task-clock                       #    0.991 CPUs utilized             
                25      context-switches                 #  204.697 /sec                      
                 5      cpu-migrations                   #   40.939 /sec                      
               128      page-faults                      #    1.048 K/sec                     
       541,074,233      cycles                           #    4.430 GHz                         (41.32%)
       191,127,701      stalled-cycles-frontend          #   35.32% frontend cycles idle        (41.31%)
       480,386,912      instructions                     #    0.89  insn per cycle            
                                                  #    0.40  stalled cycles per insn     (41.52%)
       101,249,064      branches                         #  829.017 M/sec                       (42.37%)
        10,525,859      branch-misses                    #   10.40% of all branches             (43.07%)
       198,490,852      L1-dcache-loads                  #    1.625 G/sec                       (43.87%)
         2,902,866      L1-dcache-load-misses            #    1.46% of all L1-dcache accesses   (43.97%)
   <not supported>      LLC-loads                                                             
   <not supported>      LLC-load-misses                                                       
       204,161,354      L1-icache-loads                  #    1.672 G/sec                       (43.99%)
         1,081,319      L1-icache-load-misses            #    0.53% of all L1-icache accesses   (43.95%)
         1,605,170      dTLB-loads                       #   13.143 M/sec                       (43.99%)
             3,094      dTLB-load-misses                 #    0.19% of all dTLB cache accesses  (43.92%)
            10,843      iTLB-loads                       #   88.781 K/sec                       (43.04%)
           410,276      iTLB-load-misses                 # 3783.79% of all iTLB cache accesses  (42.24%)
           414,702      L1-dcache-prefetches             #    3.396 M/sec                       (41.43%)
   <not supported>      L1-dcache-prefetch-misses                                             

       0.123227630 seconds time elapsed

       0.028915000 seconds user
       0.093725000 seconds sys


