
 Performance counter stats for '/home/junayd/Desktop/study-projects/os-lab-1/exec/ioLatRead /home/junayd/Desktop/study-projects/os-lab-1/shell.cpp 25000':

            132.29 msec task-clock                       #    0.993 CPUs utilized             
                 6      context-switches                 #   45.356 /sec                      
                 5      cpu-migrations                   #   37.797 /sec                      
               128      page-faults                      #  967.592 /sec                      
       588,533,703      cycles                           #    4.449 GHz                         (41.44%)
       205,150,542      stalled-cycles-frontend          #   34.86% frontend cycles idle        (42.19%)
       546,496,816      instructions                     #    0.93  insn per cycle            
                                                  #    0.38  stalled cycles per insn     (42.98%)
       113,456,606      branches                         #  857.654 M/sec                       (43.73%)
        11,719,924      branch-misses                    #   10.33% of all branches             (44.44%)
       215,831,909      L1-dcache-loads                  #    1.632 G/sec                       (45.19%)
         3,734,525      L1-dcache-load-misses            #    1.73% of all L1-dcache accesses   (45.13%)
   <not supported>      LLC-loads                                                             
   <not supported>      LLC-load-misses                                                       
       222,908,092      L1-icache-loads                  #    1.685 G/sec                       (44.20%)
         1,073,950      L1-icache-load-misses            #    0.48% of all L1-icache accesses   (43.43%)
         2,028,804      dTLB-loads                       #   15.336 M/sec                       (42.68%)
             7,764      dTLB-load-misses                 #    0.38% of all dTLB cache accesses  (41.94%)
            16,189      iTLB-loads                       #  122.378 K/sec                       (41.20%)
           412,028      iTLB-load-misses                 # 2545.11% of all iTLB cache accesses  (40.65%)
           673,642      L1-dcache-prefetches             #    5.092 M/sec                       (40.81%)
   <not supported>      L1-dcache-prefetch-misses                                             

       0.133189994 seconds time elapsed

       0.017999000 seconds user
       0.114999000 seconds sys


