
 Performance counter stats for './../exec/bothOptimized ./../shell.cpp 100000 100000000':

            509.91 msec task-clock                       #    0.999 CPUs utilized             
                91      context-switches                 #  178.462 /sec                      
                13      cpu-migrations                   #   25.495 /sec                      
             1,116      page-faults                      #    2.189 K/sec                     
     2,217,655,828      cycles                           #    4.349 GHz                         (43.03%)
       797,805,083      stalled-cycles-frontend          #   35.98% frontend cycles idle        (43.18%)
     1,940,474,100      instructions                     #    0.88  insn per cycle            
                                                  #    0.41  stalled cycles per insn     (43.40%)
       412,641,367      branches                         #  809.239 M/sec                       (43.65%)
        42,981,734      branch-misses                    #   10.42% of all branches             (43.75%)
       801,829,834      L1-dcache-loads                  #    1.572 G/sec                       (43.56%)
        12,319,771      L1-dcache-load-misses            #    1.54% of all L1-dcache accesses   (43.44%)
   <not supported>      LLC-loads                                                             
   <not supported>      LLC-load-misses                                                       
       822,413,097      L1-icache-loads                  #    1.613 G/sec                       (43.18%)
         4,253,019      L1-icache-load-misses            #    0.52% of all L1-icache accesses   (42.78%)
         6,686,054      dTLB-loads                       #   13.112 M/sec                       (42.37%)
           125,572      dTLB-load-misses                 #    1.88% of all dTLB cache accesses  (42.25%)
           119,625      iTLB-loads                       #  234.599 K/sec                       (42.95%)
         1,595,339      iTLB-load-misses                 # 1333.62% of all iTLB cache accesses  (42.90%)
         1,692,202      L1-dcache-prefetches             #    3.319 M/sec                       (42.99%)
   <not supported>      L1-dcache-prefetch-misses                                             

       0.510229172 seconds time elapsed

       0.091367000 seconds user
       0.418105000 seconds sys


